<?xml version="1.0" encoding="UTF-8"?>
<!-- Generated by org.testng.reporters.JUnitReportReporter -->
<testsuite hostname="LAPTOP-FBFH97BN" failures="0" tests="5" name="testlayer.Signup_Test" time="117.685" errors="0" timestamp="2022-02-01T20:22:44 EST" skipped="0">
  <testcase classname="testlayer.Signup_Test" name="features" time="18.367"/>
  <system-out/>
  <testcase classname="testlayer.Signup_Test" name="features" time="18.442"/>
  <system-out/>
  <testcase classname="testlayer.Signup_Test" name="login_parameter_test" time="16.638"/>
  <system-out/>
  <testcase classname="testlayer.Signup_Test" name="login_parameter_test" time="18.677"/>
  <system-out/>
  <testcase classname="testlayer.Signup_Test" name="process" time="45.561"/>
  <system-out/>
</testsuite> <!-- testlayer.Signup_Test -->
