<?xml version="1.0" encoding="UTF-8"?>
<!-- Generated by org.testng.reporters.JUnitReportReporter -->
<testsuite hostname="LAPTOP-FBFH97BN" failures="0" tests="4" name="testlayer.LoginTest" time="108.023" errors="0" timestamp="2022-01-04T03:02:39 EST" skipped="0">
  <testcase classname="testlayer.LoginTest" name="Title" time="6.216"/>
  <system-out/>
  <testcase classname="testlayer.LoginTest" name="login" time="33.896"/>
  <system-out/>
  <testcase classname="testlayer.LoginTest" name="login" time="34.048"/>
  <system-out/>
  <testcase classname="testlayer.LoginTest" name="login" time="33.863"/>
  <system-out/>
</testsuite> <!-- testlayer.LoginTest -->
